WARNING:root:We had problems with the following:
WARNING:root:    BBa_K112009_features.xml
WARNING:root:    BBa_K112301_features.xml
WARNING:root:    BBa_K143002_features.xml
WARNING:root:    BBa_I742144_features.xml
WARNING:root:    BBa_K112137_features.xml
WARNING:root:    BBa_K143075_features.xml
WARNING:root:    BBa_K082037_features.xml
WARNING:root:    BBa_I716256_features.xml
WARNING:root:    BBa_I13263_features.xml
WARNING:root:    BBa_K143005_features.xml
WARNING:root:    BBa_K143073_features.xml
WARNING:root:    BBa_I713023_features.xml
WARNING:root:    BBa_K125350_features.xml
WARNING:root:    BBa_K118025_features.xml
WARNING:root:    BBa_K143072_features.xml
WARNING:root:    BBa_K143078_features.xml
WARNING:root:    BBa_K112507_features.xml
WARNING:root:    BBa_K115020_features.xml
WARNING:root:    BBa_J45319_features.xml
WARNING:root:    BBa_K115017_features.xml
WARNING:root:    BBa_K112503_features.xml
WARNING:root:    BBa_K143068_features.xml
WARNING:root:    BBa_K143079_features.xml
WARNING:root:    BBa_K112318_features.xml
WARNING:root:    BBa_J31003_features.xml
WARNING:root:    BBa_R0071_features.xml
WARNING:root:    BBa_K112319_features.xml
WARNING:root:    BBa_K143006_features.xml
WARNING:root:    BBa_B0013_features.xml
WARNING:root:    BBa_J33203_features.xml
WARNING:root:    BBa_J07009_features.xml
WARNING:root:    BBa_K112210_features.xml
WARNING:root:    BBa_K112320_features.xml
WARNING:root:    BBa_K112601_features.xml
WARNING:root:    BBa_K143001_features.xml
WARNING:root:    BBa_K112222_features.xml
WARNING:root:    BBa_K143080_features.xml
WARNING:root:    BBa_K112220_features.xml
WARNING:root:    BBa_K112307_features.xml
WARNING:root:    BBa_K112368_features.xml
WARNING:root:    BBa_I742162_features.xml
WARNING:root:    BBa_J33206_features.xml
WARNING:root:    BBa_K143077_features.xml
WARNING:root:    BBa_K112309_features.xml
WARNING:root:    BBa_R0063_features.xml
WARNING:root:    BBa_K105017_features.xml
WARNING:root:    BBa_K112313_features.xml
WARNING:root:    BBa_R1053_features.xml
WARNING:root:    BBa_K118027_features.xml
WARNING:root:    BBa_K143008_features.xml
WARNING:root:    BBa_K143074_features.xml
WARNING:root:    BBa_I714921_features.xml
WARNING:root:    BBa_K112370_features.xml
WARNING:root:    BBa_K143067_features.xml
WARNING:root:    BBa_K112315_features.xml
WARNING:root:    BBa_K078005_features.xml
WARNING:root:    BBa_K125360_features.xml
WARNING:root:    BBa_J31002_features.xml
WARNING:root:    BBa_B1010_features.xml
WARNING:root:    BBa_I11022_features.xml
WARNING:root:    BBa_K112502_features.xml
WARNING:root:    BBa_K143082_features.xml
WARNING:root:    BBa_K082036_features.xml
WARNING:root:    BBa_K115016_features.xml
WARNING:root:    BBa_K112369_features.xml
WARNING:root:    BBa_K112603_features.xml
WARNING:root:    BBa_I716254_features.xml
WARNING:root:    BBa_K143071_features.xml
WARNING:root:    BBa_J45298_features.xml
WARNING:root:    BBa_K143009_features.xml
WARNING:root:    BBa_K112371_features.xml
WARNING:root:    BBa_K112602_features.xml
WARNING:root:    BBa_R0062_features.xml
WARNING:root:    BBa_K112216_features.xml
WARNING:root:    BBa_K143076_features.xml
WARNING:root:    BBa_K112201_features.xml
WARNING:root:    pSB2K4_features.xml
WARNING:root:    BBa_K157040_features.xml
WARNING:root:    BBa_K112214_features.xml
WARNING:root:    BBa_K143069_features.xml
WARNING:root:    BBa_K112208_features.xml
WARNING:root:    BBa_K112007_features.xml
WARNING:root:    BBa_R1062_features.xml
WARNING:root:    BBa_K118020_features.xml
WARNING:root:    BBa_J33210_features.xml
WARNING:root:    BBa_K112233_features.xml
WARNING:root:    BBa_J33207_features.xml
WARNING:root:    BBa_K118019_features.xml
WARNING:root:    BBa_R1051_features.xml
WARNING:root:    BBa_R1050_features.xml
WARNING:root:    BBa_K112015_features.xml
WARNING:root:    BBa_J45299_features.xml
WARNING:root:    BBa_K143070_features.xml
WARNING:root:    BBa_K143081_features.xml
WARNING:root:    BBa_K112303_features.xml
WARNING:root:    BBa_K112013_features.xml
WARNING:root:    BBa_K112600_features.xml
WARNING:root:    BBa_K112203_features.xml
WARNING:root:    BBa_J33205_features.xml
WARNING:root:    BBa_I714920_features.xml
WARNING:root:    BBa_K112506_features.xml
WARNING:root:    BBa_R1052_features.xml
WARNING:root:    BBa_R0079_features.xml
WARNING:root:    BBa_K125020_features.xml
WARNING:root:    BBa_J33202_features.xml

